Using pre-set license
Built from '2022.3/staging' branch; Version is '2022.3.42f1 (2dcb6a0abc42) revision 3001194'; Using compiler version '192829333'; Build Type 'Release'
OS: 'Windows 11  (10.0.22631) 64bit Core' Language: 'en' Physical Memory: 32389 MB
BatchMode: 1, IsHumanControllingUs: 0, StartBugReporterOnCrash: 0, Is64bit: 1, IsPro: 1

COMMAND LINE ARGUMENTS:
C:\Program Files\Unity\Hub\Editor\2022.3.42f1\Editor\Unity.exe
-adb2
-batchMode
-noUpm
-name
AssetImportWorker1
-projectPath
C:/GitHub/MAGD372_3DLevelDesign/MAGD 372_3D Level Design
-logFile
Logs/AssetImportWorker1.log
-srvPort
52216
Successfully changed project path to: C:/GitHub/MAGD372_3DLevelDesign/MAGD 372_3D Level Design
C:/GitHub/MAGD372_3DLevelDesign/MAGD 372_3D Level Design
[UnityMemory] Configuration Parameters - Can be set up in boot.config
    "memorysetup-bucket-allocator-granularity=16"
    "memorysetup-bucket-allocator-bucket-count=8"
    "memorysetup-bucket-allocator-block-size=33554432"
    "memorysetup-bucket-allocator-block-count=8"
    "memorysetup-main-allocator-block-size=16777216"
    "memorysetup-thread-allocator-block-size=16777216"
    "memorysetup-gfx-main-allocator-block-size=16777216"
    "memorysetup-gfx-thread-allocator-block-size=16777216"
    "memorysetup-cache-allocator-block-size=4194304"
    "memorysetup-typetree-allocator-block-size=2097152"
    "memorysetup-profiler-bucket-allocator-granularity=16"
    "memorysetup-profiler-bucket-allocator-bucket-count=8"
    "memorysetup-profiler-bucket-allocator-block-size=33554432"
    "memorysetup-profiler-bucket-allocator-block-count=8"
    "memorysetup-profiler-allocator-block-size=16777216"
    "memorysetup-profiler-editor-allocator-block-size=1048576"
    "memorysetup-temp-allocator-size-main=16777216"
    "memorysetup-job-temp-allocator-block-size=2097152"
    "memorysetup-job-temp-allocator-block-size-background=1048576"
    "memorysetup-job-temp-allocator-reduction-small-platforms=262144"
    "memorysetup-allocator-temp-initial-block-size-main=262144"
    "memorysetup-allocator-temp-initial-block-size-worker=262144"
    "memorysetup-temp-allocator-size-background-worker=32768"
    "memorysetup-temp-allocator-size-job-worker=262144"
    "memorysetup-temp-allocator-size-preload-manager=33554432"
    "memorysetup-temp-allocator-size-nav-mesh-worker=65536"
    "memorysetup-temp-allocator-size-audio-worker=65536"
    "memorysetup-temp-allocator-size-cloud-worker=32768"
    "memorysetup-temp-allocator-size-gi-baking-worker=262144"
    "memorysetup-temp-allocator-size-gfx=262144"
Player connection [30952]  Target information:

Player connection [30952]  * "[IP] 172.22.192.202 [Port] 0 [Flags] 2 [Guid] 1749248954 [EditorId] 1749248954 [Version] 1048832 [Id] WindowsEditor(7,Yoda) [Debug] 1 [PackageName] WindowsEditor [ProjectName] Editor" 

Player connection [30952] Host joined multi-casting on [225.0.0.222:54997]...
Player connection [30952] Host joined alternative multi-casting on [225.0.0.222:34997]...
[PhysX] Initialized MultithreadedTaskDispatcher with 16 workers.
Refreshing native plugins compatible for Editor in 120.83 ms, found 3 plugins.
Preloading 0 native plugins for Editor in 0.00 ms.
Initialize engine version: 2022.3.42f1 (2dcb6a0abc42)
[Subsystems] Discovering subsystems at path C:/Program Files/Unity/Hub/Editor/2022.3.42f1/Editor/Data/Resources/UnitySubsystems
[Subsystems] Discovering subsystems at path C:/GitHub/MAGD372_3DLevelDesign/MAGD 372_3D Level Design/Assets
GfxDevice: creating device client; threaded=0; jobified=0
Direct3D:
    Version:  Direct3D 11.0 [level 11.1]
    Renderer: NVIDIA GeForce RTX 3060 Laptop GPU (ID=0x2520)
    Vendor:   NVIDIA
    VRAM:     5996 MB
    Driver:   31.0.15.5123
Initialize mono
Mono path[0] = 'C:/Program Files/Unity/Hub/Editor/2022.3.42f1/Editor/Data/Managed'
Mono path[1] = 'C:/Program Files/Unity/Hub/Editor/2022.3.42f1/Editor/Data/MonoBleedingEdge/lib/mono/unityjit-win32'
Mono config path = 'C:/Program Files/Unity/Hub/Editor/2022.3.42f1/Editor/Data/MonoBleedingEdge/etc'
Using monoOptions --debugger-agent=transport=dt_socket,embedding=1,server=y,suspend=n,address=127.0.0.1:56520
Begin MonoManager ReloadAssembly
Registering precompiled unity dll's ...
Register platform support module: C:/Program Files/Unity/Hub/Editor/2022.3.42f1/Editor/Data/PlaybackEngines/WindowsStandaloneSupport/UnityEditor.WindowsStandalone.Extensions.dll
Registered in 0.007342 seconds.
- Loaded All Assemblies, in  1.235 seconds
Native extension for WindowsStandalone target not found
Mono: successfully reloaded assembly
- Finished resetting the current domain, in  0.229 seconds
Domain Reload Profiling: 1463ms
	BeginReloadAssembly (95ms)
		ExecutionOrderSort (0ms)
		DisableScriptedObjects (0ms)
		BackupInstance (0ms)
		ReleaseScriptingObjects (0ms)
		CreateAndSetChildDomain (1ms)
	RebuildCommonClasses (199ms)
	RebuildNativeTypeToScriptingClass (8ms)
	initialDomainReloadingComplete (59ms)
	LoadAllAssembliesAndSetupDomain (872ms)
		LoadAssemblies (93ms)
		RebuildTransferFunctionScriptingTraits (0ms)
		AnalyzeDomain (870ms)
			TypeCache.Refresh (868ms)
				TypeCache.ScanAssembly (542ms)
			ScanForSourceGeneratedMonoScriptInfo (0ms)
			ResolveRequiredComponents (1ms)
	FinalizeReload (230ms)
		ReleaseScriptCaches (0ms)
		RebuildScriptCaches (0ms)
		SetupLoadedEditorAssemblies (188ms)
			LogAssemblyErrors (0ms)
			InitializePlatformSupportModulesInManaged (8ms)
			SetLoadedEditorAssemblies (7ms)
			RefreshPlugins (0ms)
			BeforeProcessingInitializeOnLoad (2ms)
			ProcessInitializeOnLoadAttributes (123ms)
			ProcessInitializeOnLoadMethodAttributes (48ms)
			AfterProcessingInitializeOnLoad (0ms)
			EditorAssembliesLoaded (0ms)
		ExecutionOrderSort2 (0ms)
		AwakeInstancesAfterBackupRestoration (0ms)
========================================================================
Worker process is ready to serve import requests
Caller must complete domain reload
Begin MonoManager ReloadAssembly
- Loaded All Assemblies, in  2.529 seconds
Native extension for WindowsStandalone target not found
Package Manager log level set to [2]
[Package Manager] Server::EnsureServerProcessIsRunning -- launch failed, reason: Unity was launched with the -noUpm command-line argument
[Package Manager] UpmClient::Send -- Unable to send message (not connected to UPM process).
[Package Manager] Cannot connect to Unity Package Manager local server
Mono: successfully reloaded assembly
- Finished resetting the current domain, in  0.697 seconds
Domain Reload Profiling: 3222ms
	BeginReloadAssembly (144ms)
		ExecutionOrderSort (0ms)
		DisableScriptedObjects (4ms)
		BackupInstance (0ms)
		ReleaseScriptingObjects (0ms)
		CreateAndSetChildDomain (20ms)
	RebuildCommonClasses (29ms)
	RebuildNativeTypeToScriptingClass (13ms)
	initialDomainReloadingComplete (42ms)
	LoadAllAssembliesAndSetupDomain (2297ms)
		LoadAssemblies (2152ms)
		RebuildTransferFunctionScriptingTraits (0ms)
		AnalyzeDomain (234ms)
			TypeCache.Refresh (208ms)
				TypeCache.ScanAssembly (140ms)
			ScanForSourceGeneratedMonoScriptInfo (20ms)
			ResolveRequiredComponents (4ms)
	FinalizeReload (697ms)
		ReleaseScriptCaches (0ms)
		RebuildScriptCaches (0ms)
		SetupLoadedEditorAssemblies (562ms)
			LogAssemblyErrors (0ms)
			InitializePlatformSupportModulesInManaged (6ms)
			SetLoadedEditorAssemblies (5ms)
			RefreshPlugins (0ms)
			BeforeProcessingInitializeOnLoad (64ms)
			ProcessInitializeOnLoadAttributes (463ms)
			ProcessInitializeOnLoadMethodAttributes (16ms)
			AfterProcessingInitializeOnLoad (7ms)
			EditorAssembliesLoaded (0ms)
		ExecutionOrderSort2 (0ms)
		AwakeInstancesAfterBackupRestoration (8ms)
Launched and connected shader compiler UnityShaderCompiler.exe after 0.05 seconds
Refreshing native plugins compatible for Editor in 4.68 ms, found 3 plugins.
Preloading 0 native plugins for Editor in 0.00 ms.
Unloading 4095 Unused Serialized files (Serialized files now loaded: 0)
Unloading 44 unused Assets / (1.3 MB). Loaded Objects now: 4585.
Memory consumption went from 178.2 MB to 176.9 MB.
Total: 4.614300 ms (FindLiveObjects: 0.406100 ms CreateObjectMapping: 0.288400 ms MarkObjects: 3.546500 ms  DeleteObjects: 0.371700 ms)

AssetImportParameters requested are different than current active one (requested -> active):
  custom:container-demuxer-ogg: 62fdf1f143b41e24485cea50d1cbac27 -> 
  custom:video-codec-MediaFoundation-h265: 746d11721c4dcdbdad8f713fa42b33f4 -> 
  custom:video-decoder-ogg-theora: a1e56fd34408186e4bbccfd4996cb3dc -> 
  custom:framework-win-MediaFoundation: 216162199b28c13a410421893ffa2e32 -> 
  custom:CustomObjectIndexerAttribute: 9a22284fe3817be447336de3de66b15e -> 
  custom:container-demuxer-webm: 4f35f7cbe854078d1ac9338744f61a02 -> 
  custom:container-muxer-webm: aa71ff27fc2769a1b78a27578f13a17b -> 
  custom:video-decoder-webm-vp8: 9c59270c3fd7afecdb556c50c9e8de78 -> 
  custom:SearchIndexIgnoredProperties: e643bd26f0fe6173181afceb89e7c659 -> 
  custom:AudioImporter_EditorPlatform: d09bf68614088b80899f8185d706f6e7 -> 
  custom:video-encoder-webm-vp8: eb34c28f22e8b96e1ab97ce403110664 -> 
  custom:audio-decoder-ogg-vorbis: bf7c407c2cedff20999df2af8eb42d56 -> 
  custom:audio-encoder-webm-vorbis: bf7c407c2cedff20999df2af8eb42d56 -> 
========================================================================
Received Import Request.
  Time since last request: 527508.267080 seconds.
  path: Assets/Blockout/Prefabs/Dynamic/Breezeblock_1.prefab
  artifactKey: Guid(6f48015fe3b984f41a2171587716b860) Importer(815301076,1909f56bfc062723c751e8b465ee728b)
Start importing Assets/Blockout/Prefabs/Dynamic/Breezeblock_1.prefab using Guid(6f48015fe3b984f41a2171587716b860) Importer(815301076,1909f56bfc062723c751e8b465ee728b) [PhysX] Initialized MultithreadedTaskDispatcher with 16 workers.
[PhysX] Initialized MultithreadedTaskDispatcher with 16 workers.
 -> (artifact id: '15e096d4a39f8c31d52e60bb3000b5e6') in 0.124721 seconds
Number of updated asset objects reloaded before import = 0
Number of asset objects unloaded after import = 12
========================================================================
Received Import Request.
  Time since last request: 0.000043 seconds.
  path: Assets/Blockout/Prefabs/Blocks Basic/Block_Corner_T3_1x025x1.prefab
  artifactKey: Guid(c84766e46f682d34582b7de10a0d61c9) Importer(815301076,1909f56bfc062723c751e8b465ee728b)
Start importing Assets/Blockout/Prefabs/Blocks Basic/Block_Corner_T3_1x025x1.prefab using Guid(c84766e46f682d34582b7de10a0d61c9) Importer(815301076,1909f56bfc062723c751e8b465ee728b) [PhysX] Initialized MultithreadedTaskDispatcher with 16 workers.
[PhysX] Initialized MultithreadedTaskDispatcher with 16 workers.
 -> (artifact id: 'e875b5bc6af0fe96bb2be8cfc9fd90f0') in 0.076477 seconds
Number of updated asset objects reloaded before import = 0
Number of asset objects unloaded after import = 12
========================================================================
Received Import Request.
  Time since last request: 0.000022 seconds.
  path: Assets/Blockout/Prefabs/Abstract
  artifactKey: Guid(a01267c87d5408445b1beeadc210788f) Importer(815301076,1909f56bfc062723c751e8b465ee728b)
Start importing Assets/Blockout/Prefabs/Abstract using Guid(a01267c87d5408445b1beeadc210788f) Importer(815301076,1909f56bfc062723c751e8b465ee728b) [PhysX] Initialized MultithreadedTaskDispatcher with 16 workers.
 -> (artifact id: 'fef7d856db7ac21cb669cec425ad807e') in 0.000922 seconds
Number of updated asset objects reloaded before import = 0
Number of asset objects unloaded after import = 0
========================================================================
Received Import Request.
  Time since last request: 0.000030 seconds.
  path: Assets/Blockout/Prefabs/Blocks Basic/Block_Corner_T1_05x025x1.prefab
  artifactKey: Guid(f4c723f62b7b56e41a083d06278d77e9) Importer(815301076,1909f56bfc062723c751e8b465ee728b)
Start importing Assets/Blockout/Prefabs/Blocks Basic/Block_Corner_T1_05x025x1.prefab using Guid(f4c723f62b7b56e41a083d06278d77e9) Importer(815301076,1909f56bfc062723c751e8b465ee728b) [PhysX] Initialized MultithreadedTaskDispatcher with 16 workers.
[PhysX] Initialized MultithreadedTaskDispatcher with 16 workers.
 -> (artifact id: '330869515ee4785fa579fad607aba2cf') in 0.023542 seconds
Number of updated asset objects reloaded before import = 0
Number of asset objects unloaded after import = 12
========================================================================
Received Import Request.
  Time since last request: 0.000026 seconds.
  path: Assets/Blockout/Prefabs/Dynamic/Wall_Box_With_Swing_Door_4.prefab
  artifactKey: Guid(d5fae7c479eabe146be13de323446680) Importer(815301076,1909f56bfc062723c751e8b465ee728b)
Start importing Assets/Blockout/Prefabs/Dynamic/Wall_Box_With_Swing_Door_4.prefab using Guid(d5fae7c479eabe146be13de323446680) Importer(815301076,1909f56bfc062723c751e8b465ee728b) [PhysX] Initialized MultithreadedTaskDispatcher with 16 workers.
[PhysX] Initialized MultithreadedTaskDispatcher with 16 workers.
 -> (artifact id: 'e31b1ebb01fe09534524054c3c1e08d7') in 0.026384 seconds
Number of updated asset objects reloaded before import = 0
Number of asset objects unloaded after import = 19
========================================================================
Received Import Request.
  Time since last request: 0.000064 seconds.
  path: Assets/Blockout/Prefabs/Particles/Fire_Ground_3x3.prefab
  artifactKey: Guid(2c8432ff2a5574d4eab44f4c5688335a) Importer(815301076,1909f56bfc062723c751e8b465ee728b)
Start importing Assets/Blockout/Prefabs/Particles/Fire_Ground_3x3.prefab using Guid(2c8432ff2a5574d4eab44f4c5688335a) Importer(815301076,1909f56bfc062723c751e8b465ee728b) [PhysX] Initialized MultithreadedTaskDispatcher with 16 workers.
[PhysX] Initialized MultithreadedTaskDispatcher with 16 workers.
 -> (artifact id: '779b62a2400adc280dea1f1bf27ee62d') in 0.032044 seconds
Number of updated asset objects reloaded before import = 0
Number of asset objects unloaded after import = 16
========================================================================
Received Import Request.
  Time since last request: 0.000059 seconds.
  path: Assets/Blockout/Prefabs
  artifactKey: Guid(32b289542af853043a5137ded37bc502) Importer(815301076,1909f56bfc062723c751e8b465ee728b)
Start importing Assets/Blockout/Prefabs using Guid(32b289542af853043a5137ded37bc502) Importer(815301076,1909f56bfc062723c751e8b465ee728b) [PhysX] Initialized MultithreadedTaskDispatcher with 16 workers.
 -> (artifact id: 'e7f7552ae6ef410e12f03ab106ed002c') in 0.001598 seconds
Number of updated asset objects reloaded before import = 0
Number of asset objects unloaded after import = 0
========================================================================
Received Import Request.
  Time since last request: 0.000074 seconds.
  path: Assets/Blockout/Prefabs/Dynamic/Wires_Haging_Large_4.prefab
  artifactKey: Guid(759a65b3d2fba82469aa28cc0fa08309) Importer(815301076,1909f56bfc062723c751e8b465ee728b)
Start importing Assets/Blockout/Prefabs/Dynamic/Wires_Haging_Large_4.prefab using Guid(759a65b3d2fba82469aa28cc0fa08309) Importer(815301076,1909f56bfc062723c751e8b465ee728b) [PhysX] Initialized MultithreadedTaskDispatcher with 16 workers.
[PhysX] Initialized MultithreadedTaskDispatcher with 16 workers.
 -> (artifact id: 'a855e59d8b6a7dd80df9e878a793bd68') in 0.025286 seconds
Number of updated asset objects reloaded before import = 0
Number of asset objects unloaded after import = 12
========================================================================
Received Import Request.
  Time since last request: 0.000025 seconds.
  path: Assets/Blockout/Prefabs/Particles/Fire_Ground_1x1.prefab
  artifactKey: Guid(4f84b683e1ac0a747a4ca63c49546367) Importer(815301076,1909f56bfc062723c751e8b465ee728b)
Start importing Assets/Blockout/Prefabs/Particles/Fire_Ground_1x1.prefab using Guid(4f84b683e1ac0a747a4ca63c49546367) Importer(815301076,1909f56bfc062723c751e8b465ee728b) [PhysX] Initialized MultithreadedTaskDispatcher with 16 workers.
[PhysX] Initialized MultithreadedTaskDispatcher with 16 workers.
 -> (artifact id: '8b5761e64f0fad98aadf40d86c828dd6') in 0.020785 seconds
Number of updated asset objects reloaded before import = 0
Number of asset objects unloaded after import = 16
========================================================================
Received Import Request.
  Time since last request: 0.000025 seconds.
  path: Assets/Blockout/Prefabs/Blocks Basic/Block_Corner_T2_1x025x1.prefab
  artifactKey: Guid(970a679ae7b30d549be085fad5e06158) Importer(815301076,1909f56bfc062723c751e8b465ee728b)
Start importing Assets/Blockout/Prefabs/Blocks Basic/Block_Corner_T2_1x025x1.prefab using Guid(970a679ae7b30d549be085fad5e06158) Importer(815301076,1909f56bfc062723c751e8b465ee728b) [PhysX] Initialized MultithreadedTaskDispatcher with 16 workers.
[PhysX] Initialized MultithreadedTaskDispatcher with 16 workers.
 -> (artifact id: '801d0cb262157fc231e6f962519b8f4b') in 0.025819 seconds
Number of updated asset objects reloaded before import = 0
Number of asset objects unloaded after import = 12
========================================================================
Received Import Request.
  Time since last request: 0.000033 seconds.
  path: Assets/Blockout/Prefabs/Dynamic/Crate_2x1x1_Large.prefab
  artifactKey: Guid(7438066611a179a438f7b136cf58f48b) Importer(815301076,1909f56bfc062723c751e8b465ee728b)
Start importing Assets/Blockout/Prefabs/Dynamic/Crate_2x1x1_Large.prefab using Guid(7438066611a179a438f7b136cf58f48b) Importer(815301076,1909f56bfc062723c751e8b465ee728b) [PhysX] Initialized MultithreadedTaskDispatcher with 16 workers.
[PhysX] Initialized MultithreadedTaskDispatcher with 16 workers.
 -> (artifact id: 'e7d4c0da29ba633d58230ba47ded2ac3') in 0.017029 seconds
Number of updated asset objects reloaded before import = 0
Number of asset objects unloaded after import = 12
========================================================================
Received Import Request.
  Time since last request: 0.000041 seconds.
  path: Assets/Blockout/Prefabs/Blocks Basic/Block_Slope_1x1x5.prefab
  artifactKey: Guid(8fae1b28f5c09724c9bf8103da3654ee) Importer(815301076,1909f56bfc062723c751e8b465ee728b)
Start importing Assets/Blockout/Prefabs/Blocks Basic/Block_Slope_1x1x5.prefab using Guid(8fae1b28f5c09724c9bf8103da3654ee) Importer(815301076,1909f56bfc062723c751e8b465ee728b) [PhysX] Initialized MultithreadedTaskDispatcher with 16 workers.
[PhysX] Initialized MultithreadedTaskDispatcher with 16 workers.
 -> (artifact id: '91c76165ea157e17c6bb51e8c13ad12f') in 0.025616 seconds
Number of updated asset objects reloaded before import = 0
Number of asset objects unloaded after import = 12
========================================================================
Received Import Request.
  Time since last request: 0.000021 seconds.
  path: Assets/Blockout/Prefabs/Blocks Basic/Block_Wall_Pillar_T1_1x025x1.prefab
  artifactKey: Guid(6f4f17a963192674a9ed783873579a25) Importer(815301076,1909f56bfc062723c751e8b465ee728b)
Start importing Assets/Blockout/Prefabs/Blocks Basic/Block_Wall_Pillar_T1_1x025x1.prefab using Guid(6f4f17a963192674a9ed783873579a25) Importer(815301076,1909f56bfc062723c751e8b465ee728b) [PhysX] Initialized MultithreadedTaskDispatcher with 16 workers.
[PhysX] Initialized MultithreadedTaskDispatcher with 16 workers.
 -> (artifact id: 'cab29faacebd9d6162b29b46261bc2b8') in 0.026773 seconds
Number of updated asset objects reloaded before import = 0
Number of asset objects unloaded after import = 12
========================================================================
Received Import Request.
  Time since last request: 0.000028 seconds.
  path: Assets/Blockout/Prefabs/Blocks Basic/Block_Corner_T4_1x025x1.prefab
  artifactKey: Guid(ed0f01540132f224aa8f43972c42ce3a) Importer(815301076,1909f56bfc062723c751e8b465ee728b)
Start importing Assets/Blockout/Prefabs/Blocks Basic/Block_Corner_T4_1x025x1.prefab using Guid(ed0f01540132f224aa8f43972c42ce3a) Importer(815301076,1909f56bfc062723c751e8b465ee728b) [PhysX] Initialized MultithreadedTaskDispatcher with 16 workers.
[PhysX] Initialized MultithreadedTaskDispatcher with 16 workers.
 -> (artifact id: '908bc877d2f3a502657265eac13cdabf') in 0.026845 seconds
Number of updated asset objects reloaded before import = 0
Number of asset objects unloaded after import = 12
========================================================================
Received Import Request.
  Time since last request: 0.000025 seconds.
  path: Assets/Blockout/Prefabs/Blocks Basic/Block_Slope_4x4x4.prefab
  artifactKey: Guid(bb0bc8f18d85ed047873665d68c7da0d) Importer(815301076,1909f56bfc062723c751e8b465ee728b)
Start importing Assets/Blockout/Prefabs/Blocks Basic/Block_Slope_4x4x4.prefab using Guid(bb0bc8f18d85ed047873665d68c7da0d) Importer(815301076,1909f56bfc062723c751e8b465ee728b) [PhysX] Initialized MultithreadedTaskDispatcher with 16 workers.
[PhysX] Initialized MultithreadedTaskDispatcher with 16 workers.
 -> (artifact id: 'f65e824e8c923860a64ff26199f3d0d0') in 0.025311 seconds
Number of updated asset objects reloaded before import = 0
Number of asset objects unloaded after import = 12
========================================================================
Received Import Request.
  Time since last request: 0.000020 seconds.
  path: Assets/Blockout/Prefabs/Dynamic/Wires_Haging_Large_4_Alt_2.prefab
  artifactKey: Guid(7b4f9d3151fc5b543a29e2321cebd7c8) Importer(815301076,1909f56bfc062723c751e8b465ee728b)
Start importing Assets/Blockout/Prefabs/Dynamic/Wires_Haging_Large_4_Alt_2.prefab using Guid(7b4f9d3151fc5b543a29e2321cebd7c8) Importer(815301076,1909f56bfc062723c751e8b465ee728b) [PhysX] Initialized MultithreadedTaskDispatcher with 16 workers.
[PhysX] Initialized MultithreadedTaskDispatcher with 16 workers.
 -> (artifact id: 'b05710f2c1e170fa8d87a171c3859fab') in 0.028063 seconds
Number of updated asset objects reloaded before import = 0
Number of asset objects unloaded after import = 12
========================================================================
Received Import Request.
  Time since last request: 0.000023 seconds.
  path: Assets/Blockout/Prefabs/Dynamic/Fence_Basic_3_Destroyed_3.prefab
  artifactKey: Guid(0b62a5adfc5e1474dad47297058467a8) Importer(815301076,1909f56bfc062723c751e8b465ee728b)
Start importing Assets/Blockout/Prefabs/Dynamic/Fence_Basic_3_Destroyed_3.prefab using Guid(0b62a5adfc5e1474dad47297058467a8) Importer(815301076,1909f56bfc062723c751e8b465ee728b) [PhysX] Initialized MultithreadedTaskDispatcher with 16 workers.
[PhysX] Initialized MultithreadedTaskDispatcher with 16 workers.
 -> (artifact id: '3e64566b5c89ccb665a75df40a692dcd') in 0.024837 seconds
Number of updated asset objects reloaded before import = 0
Number of asset objects unloaded after import = 12
Editor requested this worker to shutdown with reason: Scaling down because of idle timeout
TcpMessagingSession - receive error: operation aborted. errorcode: 995, details: The I/O operation has been aborted because of either a thread exit or an application request.
AssetImportWorker is now disconnected from the server
Process exiting
Exiting without the bug reporter. Application will terminate with return code 0