Using pre-set license
Built from '2022.3/staging' branch; Version is '2022.3.42f1 (2dcb6a0abc42) revision 3001194'; Using compiler version '192829333'; Build Type 'Release'
OS: 'Windows 11  (10.0.22631) 64bit Core' Language: 'en' Physical Memory: 16005 MB
BatchMode: 1, IsHumanControllingUs: 0, StartBugReporterOnCrash: 0, Is64bit: 1, IsPro: 1

COMMAND LINE ARGUMENTS:
C:\Program Files\Unity\Hub\Editor\2022.3.42f1\Editor\Unity.exe
-adb2
-batchMode
-noUpm
-name
AssetImportWorker8
-projectPath
C:/GitHub/MAGD372_3DLevelDesign/MAGD 372_3D Level Design
-logFile
Logs/AssetImportWorker8.log
-srvPort
57542
Successfully changed project path to: C:/GitHub/MAGD372_3DLevelDesign/MAGD 372_3D Level Design
C:/GitHub/MAGD372_3DLevelDesign/MAGD 372_3D Level Design
[UnityMemory] Configuration Parameters - Can be set up in boot.config
    "memorysetup-bucket-allocator-granularity=16"
    "memorysetup-bucket-allocator-bucket-count=8"
    "memorysetup-bucket-allocator-block-size=33554432"
    "memorysetup-bucket-allocator-block-count=8"
    "memorysetup-main-allocator-block-size=16777216"
    "memorysetup-thread-allocator-block-size=16777216"
    "memorysetup-gfx-main-allocator-block-size=16777216"
    "memorysetup-gfx-thread-allocator-block-size=16777216"
    "memorysetup-cache-allocator-block-size=4194304"
    "memorysetup-typetree-allocator-block-size=2097152"
    "memorysetup-profiler-bucket-allocator-granularity=16"
    "memorysetup-profiler-bucket-allocator-bucket-count=8"
    "memorysetup-profiler-bucket-allocator-block-size=33554432"
    "memorysetup-profiler-bucket-allocator-block-count=8"
    "memorysetup-profiler-allocator-block-size=16777216"
    "memorysetup-profiler-editor-allocator-block-size=1048576"
    "memorysetup-temp-allocator-size-main=16777216"
    "memorysetup-job-temp-allocator-block-size=2097152"
    "memorysetup-job-temp-allocator-block-size-background=1048576"
    "memorysetup-job-temp-allocator-reduction-small-platforms=262144"
    "memorysetup-allocator-temp-initial-block-size-main=262144"
    "memorysetup-allocator-temp-initial-block-size-worker=262144"
    "memorysetup-temp-allocator-size-background-worker=32768"
    "memorysetup-temp-allocator-size-job-worker=262144"
    "memorysetup-temp-allocator-size-preload-manager=33554432"
    "memorysetup-temp-allocator-size-nav-mesh-worker=65536"
    "memorysetup-temp-allocator-size-audio-worker=65536"
    "memorysetup-temp-allocator-size-cloud-worker=32768"
    "memorysetup-temp-allocator-size-gi-baking-worker=262144"
    "memorysetup-temp-allocator-size-gfx=262144"
Player connection [3512]  Target information:

Player connection [3512]  * "[IP] 172.22.192.202 [Port] 0 [Flags] 2 [Guid] 2244101621 [EditorId] 2244101621 [Version] 1048832 [Id] WindowsEditor(7,Yoda) [Debug] 1 [PackageName] WindowsEditor [ProjectName] Editor" 

Player connection [3512] Host joined multi-casting on [225.0.0.222:54997]...
Player connection [3512] Host joined alternative multi-casting on [225.0.0.222:34997]...
[PhysX] Initialized MultithreadedTaskDispatcher with 16 workers.
Refreshing native plugins compatible for Editor in 178.43 ms, found 3 plugins.
Preloading 0 native plugins for Editor in 0.00 ms.
Initialize engine version: 2022.3.42f1 (2dcb6a0abc42)
[Subsystems] Discovering subsystems at path C:/Program Files/Unity/Hub/Editor/2022.3.42f1/Editor/Data/Resources/UnitySubsystems
[Subsystems] Discovering subsystems at path C:/GitHub/MAGD372_3DLevelDesign/MAGD 372_3D Level Design/Assets
GfxDevice: creating device client; threaded=0; jobified=0
Direct3D:
    Version:  Direct3D 11.0 [level 11.1]
    Renderer: NVIDIA GeForce RTX 3060 Laptop GPU (ID=0x2520)
    Vendor:   NVIDIA
    VRAM:     5996 MB
    Driver:   31.0.15.5123
Initialize mono
Mono path[0] = 'C:/Program Files/Unity/Hub/Editor/2022.3.42f1/Editor/Data/Managed'
Mono path[1] = 'C:/Program Files/Unity/Hub/Editor/2022.3.42f1/Editor/Data/MonoBleedingEdge/lib/mono/unityjit-win32'
Mono config path = 'C:/Program Files/Unity/Hub/Editor/2022.3.42f1/Editor/Data/MonoBleedingEdge/etc'
Using monoOptions --debugger-agent=transport=dt_socket,embedding=1,server=y,suspend=n,address=127.0.0.1:56088
Begin MonoManager ReloadAssembly
Registering precompiled unity dll's ...
Register platform support module: C:/Program Files/Unity/Hub/Editor/2022.3.42f1/Editor/Data/PlaybackEngines/WindowsStandaloneSupport/UnityEditor.WindowsStandalone.Extensions.dll
Registered in 0.008423 seconds.
- Loaded All Assemblies, in  0.310 seconds
Native extension for WindowsStandalone target not found
Mono: successfully reloaded assembly
- Finished resetting the current domain, in  0.233 seconds
Domain Reload Profiling: 542ms
	BeginReloadAssembly (98ms)
		ExecutionOrderSort (0ms)
		DisableScriptedObjects (0ms)
		BackupInstance (0ms)
		ReleaseScriptingObjects (0ms)
		CreateAndSetChildDomain (1ms)
	RebuildCommonClasses (28ms)
	RebuildNativeTypeToScriptingClass (8ms)
	initialDomainReloadingComplete (55ms)
	LoadAllAssembliesAndSetupDomain (119ms)
		LoadAssemblies (96ms)
		RebuildTransferFunctionScriptingTraits (0ms)
		AnalyzeDomain (117ms)
			TypeCache.Refresh (116ms)
				TypeCache.ScanAssembly (104ms)
			ScanForSourceGeneratedMonoScriptInfo (0ms)
			ResolveRequiredComponents (0ms)
	FinalizeReload (234ms)
		ReleaseScriptCaches (0ms)
		RebuildScriptCaches (0ms)
		SetupLoadedEditorAssemblies (194ms)
			LogAssemblyErrors (0ms)
			InitializePlatformSupportModulesInManaged (9ms)
			SetLoadedEditorAssemblies (7ms)
			RefreshPlugins (0ms)
			BeforeProcessingInitializeOnLoad (2ms)
			ProcessInitializeOnLoadAttributes (127ms)
			ProcessInitializeOnLoadMethodAttributes (49ms)
			AfterProcessingInitializeOnLoad (0ms)
			EditorAssembliesLoaded (0ms)
		ExecutionOrderSort2 (0ms)
		AwakeInstancesAfterBackupRestoration (0ms)
========================================================================
Worker process is ready to serve import requests
Caller must complete domain reload
Begin MonoManager ReloadAssembly
- Loaded All Assemblies, in  0.621 seconds
Native extension for WindowsStandalone target not found
Package Manager log level set to [2]
[Package Manager] Server::EnsureServerProcessIsRunning -- launch failed, reason: Unity was launched with the -noUpm command-line argument
[Package Manager] UpmClient::Send -- Unable to send message (not connected to UPM process).
[Package Manager] Cannot connect to Unity Package Manager local server
Mono: successfully reloaded assembly
- Finished resetting the current domain, in  0.671 seconds
Domain Reload Profiling: 1289ms
	BeginReloadAssembly (136ms)
		ExecutionOrderSort (0ms)
		DisableScriptedObjects (5ms)
		BackupInstance (0ms)
		ReleaseScriptingObjects (0ms)
		CreateAndSetChildDomain (20ms)
	RebuildCommonClasses (31ms)
	RebuildNativeTypeToScriptingClass (8ms)
	initialDomainReloadingComplete (41ms)
	LoadAllAssembliesAndSetupDomain (401ms)
		LoadAssemblies (297ms)
		RebuildTransferFunctionScriptingTraits (0ms)
		AnalyzeDomain (184ms)
			TypeCache.Refresh (159ms)
				TypeCache.ScanAssembly (145ms)
			ScanForSourceGeneratedMonoScriptInfo (20ms)
			ResolveRequiredComponents (4ms)
	FinalizeReload (672ms)
		ReleaseScriptCaches (0ms)
		RebuildScriptCaches (0ms)
		SetupLoadedEditorAssemblies (547ms)
			LogAssemblyErrors (0ms)
			InitializePlatformSupportModulesInManaged (6ms)
			SetLoadedEditorAssemblies (4ms)
			RefreshPlugins (0ms)
			BeforeProcessingInitializeOnLoad (57ms)
			ProcessInitializeOnLoadAttributes (457ms)
			ProcessInitializeOnLoadMethodAttributes (16ms)
			AfterProcessingInitializeOnLoad (7ms)
			EditorAssembliesLoaded (0ms)
		ExecutionOrderSort2 (0ms)
		AwakeInstancesAfterBackupRestoration (6ms)
Launched and connected shader compiler UnityShaderCompiler.exe after 0.05 seconds
Refreshing native plugins compatible for Editor in 3.36 ms, found 3 plugins.
Preloading 0 native plugins for Editor in 0.00 ms.
Unloading 4095 Unused Serialized files (Serialized files now loaded: 0)
Unloading 44 unused Assets / (1.3 MB). Loaded Objects now: 4585.
Memory consumption went from 178.2 MB to 176.9 MB.
Total: 2.919200 ms (FindLiveObjects: 0.220100 ms CreateObjectMapping: 0.118800 ms MarkObjects: 2.267900 ms  DeleteObjects: 0.311100 ms)

AssetImportParameters requested are different than current active one (requested -> active):
  custom:container-demuxer-ogg: 62fdf1f143b41e24485cea50d1cbac27 -> 
  custom:video-codec-MediaFoundation-h265: 746d11721c4dcdbdad8f713fa42b33f4 -> 
  custom:video-decoder-ogg-theora: a1e56fd34408186e4bbccfd4996cb3dc -> 
  custom:framework-win-MediaFoundation: 216162199b28c13a410421893ffa2e32 -> 
  custom:CustomObjectIndexerAttribute: 9a22284fe3817be447336de3de66b15e -> 
  custom:container-demuxer-webm: 4f35f7cbe854078d1ac9338744f61a02 -> 
  custom:container-muxer-webm: aa71ff27fc2769a1b78a27578f13a17b -> 
  custom:video-decoder-webm-vp8: 9c59270c3fd7afecdb556c50c9e8de78 -> 
  custom:SearchIndexIgnoredProperties: e643bd26f0fe6173181afceb89e7c659 -> 
  custom:AudioImporter_EditorPlatform: d09bf68614088b80899f8185d706f6e7 -> 
  custom:video-encoder-webm-vp8: eb34c28f22e8b96e1ab97ce403110664 -> 
  custom:audio-decoder-ogg-vorbis: bf7c407c2cedff20999df2af8eb42d56 -> 
  custom:audio-encoder-webm-vorbis: bf7c407c2cedff20999df2af8eb42d56 -> 
========================================================================
Received Import Request.
  Time since last request: 170602.305884 seconds.
  path: Assets/Blockout/Models/Ground/Ground_Plane_Mound_Down_20x02x20.fbx
  artifactKey: Guid(fc5de938de98cea4988969c9dfc0b907) Importer(815301076,1909f56bfc062723c751e8b465ee728b)
Start importing Assets/Blockout/Models/Ground/Ground_Plane_Mound_Down_20x02x20.fbx using Guid(fc5de938de98cea4988969c9dfc0b907) Importer(815301076,1909f56bfc062723c751e8b465ee728b) [PhysX] Initialized MultithreadedTaskDispatcher with 16 workers.
[PhysX] Initialized MultithreadedTaskDispatcher with 16 workers.
[PhysX] Initialized MultithreadedTaskDispatcher with 16 workers.
 -> (artifact id: '6a75b65a15b01f4b210a6400af099a7b') in 0.118874 seconds
Number of updated asset objects reloaded before import = 0
Number of asset objects unloaded after import = 11
========================================================================
Received Import Request.
  Time since last request: 0.000020 seconds.
  path: Assets/Blockout/Models/Ground/Ground_Plane_Slope_Inner_T1_10x1x10.fbx
  artifactKey: Guid(b7b0c06a437268d409996623660856d2) Importer(815301076,1909f56bfc062723c751e8b465ee728b)
Start importing Assets/Blockout/Models/Ground/Ground_Plane_Slope_Inner_T1_10x1x10.fbx using Guid(b7b0c06a437268d409996623660856d2) Importer(815301076,1909f56bfc062723c751e8b465ee728b) [PhysX] Initialized MultithreadedTaskDispatcher with 16 workers.
[PhysX] Initialized MultithreadedTaskDispatcher with 16 workers.
[PhysX] Initialized MultithreadedTaskDispatcher with 16 workers.
 -> (artifact id: '70c90f976ac7065b8a55f17f360c0eb5') in 0.020455 seconds
Number of updated asset objects reloaded before import = 0
Number of asset objects unloaded after import = 11
========================================================================
Received Import Request.
  Time since last request: 0.000049 seconds.
  path: Assets/Blockout/Models/Ground/Ground_Sphere_Large_8x02x8.fbx
  artifactKey: Guid(df878f100bda51f45a9159b598164027) Importer(815301076,1909f56bfc062723c751e8b465ee728b)
Start importing Assets/Blockout/Models/Ground/Ground_Sphere_Large_8x02x8.fbx using Guid(df878f100bda51f45a9159b598164027) Importer(815301076,1909f56bfc062723c751e8b465ee728b) [PhysX] Initialized MultithreadedTaskDispatcher with 16 workers.
[PhysX] Initialized MultithreadedTaskDispatcher with 16 workers.
[PhysX] Initialized MultithreadedTaskDispatcher with 16 workers.
 -> (artifact id: 'c4f83cae1c4d3702ed0de48df1cb403a') in 0.020038 seconds
Number of updated asset objects reloaded before import = 0
Number of asset objects unloaded after import = 11
========================================================================
Received Import Request.
  Time since last request: 0.000021 seconds.
  path: Assets/Blockout/Models/Ground/Ground_Sphere_Small_4x02x4.fbx
  artifactKey: Guid(f52d947b472d32f4e8822cc12809eacc) Importer(815301076,1909f56bfc062723c751e8b465ee728b)
Start importing Assets/Blockout/Models/Ground/Ground_Sphere_Small_4x02x4.fbx using Guid(f52d947b472d32f4e8822cc12809eacc) Importer(815301076,1909f56bfc062723c751e8b465ee728b) [PhysX] Initialized MultithreadedTaskDispatcher with 16 workers.
[PhysX] Initialized MultithreadedTaskDispatcher with 16 workers.
[PhysX] Initialized MultithreadedTaskDispatcher with 16 workers.
 -> (artifact id: '01251bd9d1e26807510cf2609bace9b4') in 0.017483 seconds
Number of updated asset objects reloaded before import = 0
Number of asset objects unloaded after import = 11
========================================================================
Received Import Request.
  Time since last request: 0.000019 seconds.
  path: Assets/Blockout/Models/Ground/Ground_Plane_T2_20x02x020.fbx
  artifactKey: Guid(35f1bf877efd33f449b1b1f2a91df272) Importer(815301076,1909f56bfc062723c751e8b465ee728b)
Start importing Assets/Blockout/Models/Ground/Ground_Plane_T2_20x02x020.fbx using Guid(35f1bf877efd33f449b1b1f2a91df272) Importer(815301076,1909f56bfc062723c751e8b465ee728b) [PhysX] Initialized MultithreadedTaskDispatcher with 16 workers.
[PhysX] Initialized MultithreadedTaskDispatcher with 16 workers.
[PhysX] Initialized MultithreadedTaskDispatcher with 16 workers.
 -> (artifact id: '2d4419da01a3a066182f8a9ecb2916f4') in 0.018457 seconds
Number of updated asset objects reloaded before import = 0
Number of asset objects unloaded after import = 11
========================================================================
Received Import Request.
  Time since last request: 0.028973 seconds.
  path: Assets/Blockout/Models/SM_Mountain_1.FBX
  artifactKey: Guid(8f8dbb90f3f1b644ea70af683e05982a) Importer(815301076,1909f56bfc062723c751e8b465ee728b)
Start importing Assets/Blockout/Models/SM_Mountain_1.FBX using Guid(8f8dbb90f3f1b644ea70af683e05982a) Importer(815301076,1909f56bfc062723c751e8b465ee728b) [PhysX] Initialized MultithreadedTaskDispatcher with 16 workers.
[PhysX] Initialized MultithreadedTaskDispatcher with 16 workers.
[PhysX] Initialized MultithreadedTaskDispatcher with 16 workers.
 -> (artifact id: '9f28105fdb6de8395558a1b0f3c09167') in 0.017148 seconds
Number of updated asset objects reloaded before import = 0
Number of asset objects unloaded after import = 9
========================================================================
Received Import Request.
  Time since last request: 0.004927 seconds.
  path: Assets/Blockout/Models/Dynamic/Pallet_Open.fbx
  artifactKey: Guid(a7cf0a3799051d4418d1e5d8307e4f17) Importer(815301076,1909f56bfc062723c751e8b465ee728b)
Start importing Assets/Blockout/Models/Dynamic/Pallet_Open.fbx using Guid(a7cf0a3799051d4418d1e5d8307e4f17) Importer(815301076,1909f56bfc062723c751e8b465ee728b) [PhysX] Initialized MultithreadedTaskDispatcher with 16 workers.
[PhysX] Initialized MultithreadedTaskDispatcher with 16 workers.
[PhysX] Initialized MultithreadedTaskDispatcher with 16 workers.
 -> (artifact id: '878297de0e315bdd6da585bfd386b0ff') in 0.019336 seconds
Number of updated asset objects reloaded before import = 0
Number of asset objects unloaded after import = 11
========================================================================
Received Import Request.
  Time since last request: 0.000019 seconds.
  path: Assets/Blockout/Models/Pebbles_Med_1.fbx
  artifactKey: Guid(25030a8cd9720c74dbcaba31c6930f3d) Importer(815301076,1909f56bfc062723c751e8b465ee728b)
Start importing Assets/Blockout/Models/Pebbles_Med_1.fbx using Guid(25030a8cd9720c74dbcaba31c6930f3d) Importer(815301076,1909f56bfc062723c751e8b465ee728b) [PhysX] Initialized MultithreadedTaskDispatcher with 16 workers.
[PhysX] Initialized MultithreadedTaskDispatcher with 16 workers.
[PhysX] Initialized MultithreadedTaskDispatcher with 16 workers.
 -> (artifact id: '513977e020e8818dd8f581a5956f1029') in 0.018158 seconds
Number of updated asset objects reloaded before import = 0
Number of asset objects unloaded after import = 11
========================================================================
Received Import Request.
  Time since last request: 0.000017 seconds.
  path: Assets/Blockout/Models/Pebbles_Small_3.fbx
  artifactKey: Guid(3172db1396a803b46826f85c56312225) Importer(815301076,1909f56bfc062723c751e8b465ee728b)
Start importing Assets/Blockout/Models/Pebbles_Small_3.fbx using Guid(3172db1396a803b46826f85c56312225) Importer(815301076,1909f56bfc062723c751e8b465ee728b) [PhysX] Initialized MultithreadedTaskDispatcher with 16 workers.
[PhysX] Initialized MultithreadedTaskDispatcher with 16 workers.
[PhysX] Initialized MultithreadedTaskDispatcher with 16 workers.
 -> (artifact id: '82ef6a745def51e7deefc9558be8a5a9') in 0.018391 seconds
Number of updated asset objects reloaded before import = 0
Number of asset objects unloaded after import = 11
========================================================================
Received Import Request.
  Time since last request: 879.273750 seconds.
  path: Assets/Blockout/Models/Update_1/Update_1/Wall_Box_With_Swing_Door_2.FBX
  artifactKey: Guid(054202da75d01cd47b107640ed7569a4) Importer(815301076,1909f56bfc062723c751e8b465ee728b)
Start importing Assets/Blockout/Models/Update_1/Update_1/Wall_Box_With_Swing_Door_2.FBX using Guid(054202da75d01cd47b107640ed7569a4) Importer(815301076,1909f56bfc062723c751e8b465ee728b) [PhysX] Initialized MultithreadedTaskDispatcher with 16 workers.
[PhysX] Initialized MultithreadedTaskDispatcher with 16 workers.
[PhysX] Initialized MultithreadedTaskDispatcher with 16 workers.
[PhysX] Initialized MultithreadedTaskDispatcher with 16 workers.
[PhysX] Initialized MultithreadedTaskDispatcher with 16 workers.
 -> (artifact id: '290c5bd65a489f7b8588cd2b90c92050') in 0.035305 seconds
Number of updated asset objects reloaded before import = 0
Number of asset objects unloaded after import = 16
========================================================================
Received Import Request.
  Time since last request: 0.000022 seconds.
  path: Assets/Blockout/Models/Update_1/Update_1/Wall_Box_With_Swing_Door_4.FBX
  artifactKey: Guid(ac6630aa25719af40b437825c73613d1) Importer(815301076,1909f56bfc062723c751e8b465ee728b)
Start importing Assets/Blockout/Models/Update_1/Update_1/Wall_Box_With_Swing_Door_4.FBX using Guid(ac6630aa25719af40b437825c73613d1) Importer(815301076,1909f56bfc062723c751e8b465ee728b) [PhysX] Initialized MultithreadedTaskDispatcher with 16 workers.
[PhysX] Initialized MultithreadedTaskDispatcher with 16 workers.
[PhysX] Initialized MultithreadedTaskDispatcher with 16 workers.
[PhysX] Initialized MultithreadedTaskDispatcher with 16 workers.
[PhysX] Initialized MultithreadedTaskDispatcher with 16 workers.
 -> (artifact id: '30c6446f8d7f0ad1f8056c25e1c75d0b') in 0.029787 seconds
Number of updated asset objects reloaded before import = 0
Number of asset objects unloaded after import = 16
========================================================================
Received Import Request.
  Time since last request: 0.001592 seconds.
  path: Assets/Blockout/Models/Walls/Wall_Destoryed_End_T1_025x3x1.fbx
  artifactKey: Guid(916b1cabc0d82cb42961f053494622f3) Importer(815301076,1909f56bfc062723c751e8b465ee728b)
Start importing Assets/Blockout/Models/Walls/Wall_Destoryed_End_T1_025x3x1.fbx using Guid(916b1cabc0d82cb42961f053494622f3) Importer(815301076,1909f56bfc062723c751e8b465ee728b) [PhysX] Initialized MultithreadedTaskDispatcher with 16 workers.
[PhysX] Initialized MultithreadedTaskDispatcher with 16 workers.
[PhysX] Initialized MultithreadedTaskDispatcher with 16 workers.
 -> (artifact id: 'fde530c943d3e5ba33e399bdd0b1cfe9') in 0.017698 seconds
Number of updated asset objects reloaded before import = 0
Number of asset objects unloaded after import = 9
========================================================================
Received Import Request.
  Time since last request: 0.000022 seconds.
  path: Assets/Blockout/Models/Walls/Wall_Destroyed_025x1x1.fbx
  artifactKey: Guid(c5b521fdacd9a5c4e8012b8cdf4842ff) Importer(815301076,1909f56bfc062723c751e8b465ee728b)
Start importing Assets/Blockout/Models/Walls/Wall_Destroyed_025x1x1.fbx using Guid(c5b521fdacd9a5c4e8012b8cdf4842ff) Importer(815301076,1909f56bfc062723c751e8b465ee728b) [PhysX] Initialized MultithreadedTaskDispatcher with 16 workers.
[PhysX] Initialized MultithreadedTaskDispatcher with 16 workers.
[PhysX] Initialized MultithreadedTaskDispatcher with 16 workers.
 -> (artifact id: '99e52d02aed9d85ad8104f3f824f4f9a') in 0.019055 seconds
Number of updated asset objects reloaded before import = 0
Number of asset objects unloaded after import = 9
========================================================================
Received Import Request.
  Time since last request: 0.000018 seconds.
  path: Assets/Blockout/Models/Walls/Wall_Destroyed_Door_Hole_025x3x4.fbx
  artifactKey: Guid(47aa777c3bb27ef45a76371915ce5566) Importer(815301076,1909f56bfc062723c751e8b465ee728b)
Start importing Assets/Blockout/Models/Walls/Wall_Destroyed_Door_Hole_025x3x4.fbx using Guid(47aa777c3bb27ef45a76371915ce5566) Importer(815301076,1909f56bfc062723c751e8b465ee728b) [PhysX] Initialized MultithreadedTaskDispatcher with 16 workers.
[PhysX] Initialized MultithreadedTaskDispatcher with 16 workers.
[PhysX] Initialized MultithreadedTaskDispatcher with 16 workers.
 -> (artifact id: '8d36542d201bc83f9005ffad6d5ff85a') in 0.019828 seconds
Number of updated asset objects reloaded before import = 0
Number of asset objects unloaded after import = 9
========================================================================
Received Import Request.
  Time since last request: 0.000016 seconds.
  path: Assets/Blockout/Models/Walls/Wall_Destroyed_Hole_025x3x3.fbx
  artifactKey: Guid(197f95e8698ecd64ba14cb543ee3c7eb) Importer(815301076,1909f56bfc062723c751e8b465ee728b)
Start importing Assets/Blockout/Models/Walls/Wall_Destroyed_Hole_025x3x3.fbx using Guid(197f95e8698ecd64ba14cb543ee3c7eb) Importer(815301076,1909f56bfc062723c751e8b465ee728b) [PhysX] Initialized MultithreadedTaskDispatcher with 16 workers.
[PhysX] Initialized MultithreadedTaskDispatcher with 16 workers.
[PhysX] Initialized MultithreadedTaskDispatcher with 16 workers.
 -> (artifact id: 'df289153bb86c70e6a04ced10757be01') in 0.016747 seconds
Number of updated asset objects reloaded before import = 0
Number of asset objects unloaded after import = 9
========================================================================
Received Import Request.
  Time since last request: 0.000016 seconds.
  path: Assets/Blockout/Models/Walls/Wall_Doorway_025x3x4.fbx
  artifactKey: Guid(9ef3b978b897fdc42a8636b31dc95fb5) Importer(815301076,1909f56bfc062723c751e8b465ee728b)
Start importing Assets/Blockout/Models/Walls/Wall_Doorway_025x3x4.fbx using Guid(9ef3b978b897fdc42a8636b31dc95fb5) Importer(815301076,1909f56bfc062723c751e8b465ee728b) [PhysX] Initialized MultithreadedTaskDispatcher with 16 workers.
[PhysX] Initialized MultithreadedTaskDispatcher with 16 workers.
[PhysX] Initialized MultithreadedTaskDispatcher with 16 workers.
 -> (artifact id: 'e805d7e168bed90acda74c2b4de878ab') in 0.015987 seconds
Number of updated asset objects reloaded before import = 0
Number of asset objects unloaded after import = 9
========================================================================
Received Import Request.
  Time since last request: 0.000020 seconds.
  path: Assets/Blockout/Models/Walls/Wall_Side_Destroyed_T1_025x1x1.fbx
  artifactKey: Guid(bb4f508829c1dce499f1da35a43e94fb) Importer(815301076,1909f56bfc062723c751e8b465ee728b)
Start importing Assets/Blockout/Models/Walls/Wall_Side_Destroyed_T1_025x1x1.fbx using Guid(bb4f508829c1dce499f1da35a43e94fb) Importer(815301076,1909f56bfc062723c751e8b465ee728b) [PhysX] Initialized MultithreadedTaskDispatcher with 16 workers.
[PhysX] Initialized MultithreadedTaskDispatcher with 16 workers.
[PhysX] Initialized MultithreadedTaskDispatcher with 16 workers.
 -> (artifact id: '57c8bdde089e537e5684ad6bd083bf36') in 0.016196 seconds
Number of updated asset objects reloaded before import = 0
Number of asset objects unloaded after import = 9
========================================================================
Received Import Request.
  Time since last request: 0.000020 seconds.
  path: Assets/Blockout/Models/Walls/Wall_Window_End_T1_025x3x2.fbx
  artifactKey: Guid(147f0af968c654f4dac674141393858c) Importer(815301076,1909f56bfc062723c751e8b465ee728b)
Start importing Assets/Blockout/Models/Walls/Wall_Window_End_T1_025x3x2.fbx using Guid(147f0af968c654f4dac674141393858c) Importer(815301076,1909f56bfc062723c751e8b465ee728b) [PhysX] Initialized MultithreadedTaskDispatcher with 16 workers.
[PhysX] Initialized MultithreadedTaskDispatcher with 16 workers.
[PhysX] Initialized MultithreadedTaskDispatcher with 16 workers.
 -> (artifact id: '224abe5e899c1f15627cb414a9ccbe64') in 0.016059 seconds
Number of updated asset objects reloaded before import = 0
Number of asset objects unloaded after import = 9
========================================================================
Received Import Request.
  Time since last request: 0.000025 seconds.
  path: Assets/Blockout/Models/Walls/Wall_Window_T2_025x3x1.fbx
  artifactKey: Guid(e13e5afb9ceb04d42a4c2a312bac501b) Importer(815301076,1909f56bfc062723c751e8b465ee728b)
Start importing Assets/Blockout/Models/Walls/Wall_Window_T2_025x3x1.fbx using Guid(e13e5afb9ceb04d42a4c2a312bac501b) Importer(815301076,1909f56bfc062723c751e8b465ee728b) [PhysX] Initialized MultithreadedTaskDispatcher with 16 workers.
[PhysX] Initialized MultithreadedTaskDispatcher with 16 workers.
[PhysX] Initialized MultithreadedTaskDispatcher with 16 workers.
 -> (artifact id: 'a0a603dc26c96fe434fbfb30d266000a') in 0.015054 seconds
Number of updated asset objects reloaded before import = 0
Number of asset objects unloaded after import = 9
========================================================================
Received Import Request.
  Time since last request: 0.000018 seconds.
  path: Assets/VertexModeler/LevelDesignStarterPack/Mesh/Window/Window_1x1.fbx
  artifactKey: Guid(2f536192cdc88df40817d946d7979fae) Importer(815301076,1909f56bfc062723c751e8b465ee728b)
Start importing Assets/VertexModeler/LevelDesignStarterPack/Mesh/Window/Window_1x1.fbx using Guid(2f536192cdc88df40817d946d7979fae) Importer(815301076,1909f56bfc062723c751e8b465ee728b) [PhysX] Initialized MultithreadedTaskDispatcher with 16 workers.
[PhysX] Initialized MultithreadedTaskDispatcher with 16 workers.
[PhysX] Initialized MultithreadedTaskDispatcher with 16 workers.
 -> (artifact id: 'a850466fc0b9f55ecb007c937aa019cb') in 0.065913 seconds
Number of updated asset objects reloaded before import = 0
Number of asset objects unloaded after import = 11
========================================================================
Received Import Request.
  Time since last request: 0.000017 seconds.
  path: Assets/VertexModeler/LevelDesignStarterPack/Mesh/Window/Window_1x2.002.fbx
  artifactKey: Guid(91339fa6bf2aef848833537e89ef2e80) Importer(815301076,1909f56bfc062723c751e8b465ee728b)
Start importing Assets/VertexModeler/LevelDesignStarterPack/Mesh/Window/Window_1x2.002.fbx using Guid(91339fa6bf2aef848833537e89ef2e80) Importer(815301076,1909f56bfc062723c751e8b465ee728b) [PhysX] Initialized MultithreadedTaskDispatcher with 16 workers.
[PhysX] Initialized MultithreadedTaskDispatcher with 16 workers.
[PhysX] Initialized MultithreadedTaskDispatcher with 16 workers.
 -> (artifact id: 'dc4acbe16c6350dd4e6d4e3a4577d8d9') in 0.020191 seconds
Number of updated asset objects reloaded before import = 0
Number of asset objects unloaded after import = 11
========================================================================
Received Import Request.
  Time since last request: 0.000016 seconds.
  path: Assets/VertexModeler/LevelDesignStarterPack/Mesh/Window/Window_1x2.001.fbx
  artifactKey: Guid(ed3cf4a4fc919b541b235528a262d41d) Importer(815301076,1909f56bfc062723c751e8b465ee728b)
Start importing Assets/VertexModeler/LevelDesignStarterPack/Mesh/Window/Window_1x2.001.fbx using Guid(ed3cf4a4fc919b541b235528a262d41d) Importer(815301076,1909f56bfc062723c751e8b465ee728b) [PhysX] Initialized MultithreadedTaskDispatcher with 16 workers.
[PhysX] Initialized MultithreadedTaskDispatcher with 16 workers.
[PhysX] Initialized MultithreadedTaskDispatcher with 16 workers.
 -> (artifact id: 'd12dc470aec5327fb98670019555525b') in 0.020543 seconds
Number of updated asset objects reloaded before import = 0
Number of asset objects unloaded after import = 11
========================================================================
Received Import Request.
  Time since last request: 0.000021 seconds.
  path: Assets/Blockout/Models/Update_1/Wires_Haging_Large_5_Alt_2.fbx
  artifactKey: Guid(3c74c055d7530dd4f8ee8885a90e6b1a) Importer(815301076,1909f56bfc062723c751e8b465ee728b)
Start importing Assets/Blockout/Models/Update_1/Wires_Haging_Large_5_Alt_2.fbx using Guid(3c74c055d7530dd4f8ee8885a90e6b1a) Importer(815301076,1909f56bfc062723c751e8b465ee728b) [PhysX] Initialized MultithreadedTaskDispatcher with 16 workers.
[PhysX] Initialized MultithreadedTaskDispatcher with 16 workers.
[PhysX] Initialized MultithreadedTaskDispatcher with 16 workers.
 -> (artifact id: 'a3eb6622526bed034938de5cc208e743') in 0.018343 seconds
Number of updated asset objects reloaded before import = 0
Number of asset objects unloaded after import = 11
========================================================================
Received Import Request.
  Time since last request: 0.000019 seconds.
  path: Assets/Blockout/Models/Update_1/Wires_Haging_Large_5.fbx
  artifactKey: Guid(6ec5a51c7f7fb7641bc9a2d487317427) Importer(815301076,1909f56bfc062723c751e8b465ee728b)
Start importing Assets/Blockout/Models/Update_1/Wires_Haging_Large_5.fbx using Guid(6ec5a51c7f7fb7641bc9a2d487317427) Importer(815301076,1909f56bfc062723c751e8b465ee728b) [PhysX] Initialized MultithreadedTaskDispatcher with 16 workers.
[PhysX] Initialized MultithreadedTaskDispatcher with 16 workers.
[PhysX] Initialized MultithreadedTaskDispatcher with 16 workers.
 -> (artifact id: '07e2e444173858fd8b5f14135c541b18') in 0.020388 seconds
Number of updated asset objects reloaded before import = 0
Number of asset objects unloaded after import = 11
========================================================================
Received Import Request.
  Time since last request: 0.000024 seconds.
  path: Assets/VertexModeler/LevelDesignStarterPack/Mesh/Window/Window_1x2_Thick.001.fbx
  artifactKey: Guid(3876631860711ec4589cff81da2d1f4a) Importer(815301076,1909f56bfc062723c751e8b465ee728b)
Start importing Assets/VertexModeler/LevelDesignStarterPack/Mesh/Window/Window_1x2_Thick.001.fbx using Guid(3876631860711ec4589cff81da2d1f4a) Importer(815301076,1909f56bfc062723c751e8b465ee728b) [PhysX] Initialized MultithreadedTaskDispatcher with 16 workers.
[PhysX] Initialized MultithreadedTaskDispatcher with 16 workers.
[PhysX] Initialized MultithreadedTaskDispatcher with 16 workers.
 -> (artifact id: '0a56989f8492b689218ab82fdbbfada5') in 0.019346 seconds
Number of updated asset objects reloaded before import = 0
Number of asset objects unloaded after import = 11
========================================================================
Received Import Request.
  Time since last request: 0.000024 seconds.
  path: Assets/Blockout/Models/Walls/Wall_Side_Destroyed_T2_025x1x1.fbx
  artifactKey: Guid(c825b8b61e785324fb30a749e03b70e3) Importer(815301076,1909f56bfc062723c751e8b465ee728b)
Start importing Assets/Blockout/Models/Walls/Wall_Side_Destroyed_T2_025x1x1.fbx using Guid(c825b8b61e785324fb30a749e03b70e3) Importer(815301076,1909f56bfc062723c751e8b465ee728b) [PhysX] Initialized MultithreadedTaskDispatcher with 16 workers.
[PhysX] Initialized MultithreadedTaskDispatcher with 16 workers.
[PhysX] Initialized MultithreadedTaskDispatcher with 16 workers.
 -> (artifact id: 'dd908634593bad92c8dcb2f22d6a79d9') in 0.021031 seconds
Number of updated asset objects reloaded before import = 0
Number of asset objects unloaded after import = 9
========================================================================
Received Import Request.
  Time since last request: 0.000020 seconds.
  path: Assets/Blockout/Models/Walls/Wall_Window_T2_025x3x3.fbx
  artifactKey: Guid(38cb1f27bd1b99242b3115dc7de10f01) Importer(815301076,1909f56bfc062723c751e8b465ee728b)
Start importing Assets/Blockout/Models/Walls/Wall_Window_T2_025x3x3.fbx using Guid(38cb1f27bd1b99242b3115dc7de10f01) Importer(815301076,1909f56bfc062723c751e8b465ee728b) [PhysX] Initialized MultithreadedTaskDispatcher with 16 workers.
[PhysX] Initialized MultithreadedTaskDispatcher with 16 workers.
[PhysX] Initialized MultithreadedTaskDispatcher with 16 workers.
 -> (artifact id: '08a75abc022f000427bf2416445ed054') in 0.019084 seconds
Number of updated asset objects reloaded before import = 0
Number of asset objects unloaded after import = 9
========================================================================
Received Import Request.
  Time since last request: 0.000026 seconds.
  path: Assets/Blockout/Models/Walls/Wall_Destroyed_Hole_025x3x2.fbx
  artifactKey: Guid(d9180eeb51cca454895c7eb980271242) Importer(815301076,1909f56bfc062723c751e8b465ee728b)
Start importing Assets/Blockout/Models/Walls/Wall_Destroyed_Hole_025x3x2.fbx using Guid(d9180eeb51cca454895c7eb980271242) Importer(815301076,1909f56bfc062723c751e8b465ee728b) [PhysX] Initialized MultithreadedTaskDispatcher with 16 workers.
[PhysX] Initialized MultithreadedTaskDispatcher with 16 workers.
[PhysX] Initialized MultithreadedTaskDispatcher with 16 workers.
 -> (artifact id: '50d51d1b20f9e2483a0363e86312c745') in 0.017205 seconds
Number of updated asset objects reloaded before import = 0
Number of asset objects unloaded after import = 9
========================================================================
Received Import Request.
  Time since last request: 0.000068 seconds.
  path: Assets/VertexModeler/LevelDesignStarterPack/Mesh/Window/Window_1x1.001.fbx
  artifactKey: Guid(9600e4af5efcda1418c9517891826894) Importer(815301076,1909f56bfc062723c751e8b465ee728b)
Start importing Assets/VertexModeler/LevelDesignStarterPack/Mesh/Window/Window_1x1.001.fbx using Guid(9600e4af5efcda1418c9517891826894) Importer(815301076,1909f56bfc062723c751e8b465ee728b) [PhysX] Initialized MultithreadedTaskDispatcher with 16 workers.
[PhysX] Initialized MultithreadedTaskDispatcher with 16 workers.
[PhysX] Initialized MultithreadedTaskDispatcher with 16 workers.
 -> (artifact id: '9cb0cd609876795efc63bb87ec4186df') in 0.021233 seconds
Number of updated asset objects reloaded before import = 0
Number of asset objects unloaded after import = 11
========================================================================
Received Import Request.
  Time since last request: 0.000018 seconds.
  path: Assets/Blockout/Models/Walls/Wall_Destoryed_End_025x3x2.fbx
  artifactKey: Guid(a3d6ecd2db5a6034790e602a5e9c6067) Importer(815301076,1909f56bfc062723c751e8b465ee728b)
Start importing Assets/Blockout/Models/Walls/Wall_Destoryed_End_025x3x2.fbx using Guid(a3d6ecd2db5a6034790e602a5e9c6067) Importer(815301076,1909f56bfc062723c751e8b465ee728b) [PhysX] Initialized MultithreadedTaskDispatcher with 16 workers.
[PhysX] Initialized MultithreadedTaskDispatcher with 16 workers.
[PhysX] Initialized MultithreadedTaskDispatcher with 16 workers.
 -> (artifact id: 'e69fa5d90bca689b6f6c85a1a1c6a6cd') in 0.025575 seconds
Number of updated asset objects reloaded before import = 0
Number of asset objects unloaded after import = 9
========================================================================
Received Import Request.
  Time since last request: 0.000018 seconds.
  path: Assets/Blockout/Models/Walls/Wall_Destroyed_Door_Hole_025x3x3.fbx
  artifactKey: Guid(494294885b49ebf40a3755cde07dfd3e) Importer(815301076,1909f56bfc062723c751e8b465ee728b)
Start importing Assets/Blockout/Models/Walls/Wall_Destroyed_Door_Hole_025x3x3.fbx using Guid(494294885b49ebf40a3755cde07dfd3e) Importer(815301076,1909f56bfc062723c751e8b465ee728b) [PhysX] Initialized MultithreadedTaskDispatcher with 16 workers.
[PhysX] Initialized MultithreadedTaskDispatcher with 16 workers.
[PhysX] Initialized MultithreadedTaskDispatcher with 16 workers.
 -> (artifact id: 'c8abfcfa6648a420e0c7a5e254725b65') in 0.019256 seconds
Number of updated asset objects reloaded before import = 0
Number of asset objects unloaded after import = 9
========================================================================
Received Import Request.
  Time since last request: 0.000016 seconds.
  path: Assets/Blockout/Models/Walls/Wall_Side_Destroyed_T3_025x1x1.fbx
  artifactKey: Guid(6e7a14a5fcfd59b4a9ddb2cb92fd5765) Importer(815301076,1909f56bfc062723c751e8b465ee728b)
Start importing Assets/Blockout/Models/Walls/Wall_Side_Destroyed_T3_025x1x1.fbx using Guid(6e7a14a5fcfd59b4a9ddb2cb92fd5765) Importer(815301076,1909f56bfc062723c751e8b465ee728b) [PhysX] Initialized MultithreadedTaskDispatcher with 16 workers.
[PhysX] Initialized MultithreadedTaskDispatcher with 16 workers.
[PhysX] Initialized MultithreadedTaskDispatcher with 16 workers.
 -> (artifact id: '7f3d16b36aaaae2fc7fe340b62a26adc') in 0.019573 seconds
Number of updated asset objects reloaded before import = 0
Number of asset objects unloaded after import = 9
========================================================================
Received Import Request.
  Time since last request: 0.000023 seconds.
  path: Assets/Blockout/Models/Walls/Wall_Destroyed_Door_Hole_025x3x5.fbx
  artifactKey: Guid(c8af4b9046dbde44ebb8a06f46934cb2) Importer(815301076,1909f56bfc062723c751e8b465ee728b)
Start importing Assets/Blockout/Models/Walls/Wall_Destroyed_Door_Hole_025x3x5.fbx using Guid(c8af4b9046dbde44ebb8a06f46934cb2) Importer(815301076,1909f56bfc062723c751e8b465ee728b) [PhysX] Initialized MultithreadedTaskDispatcher with 16 workers.
[PhysX] Initialized MultithreadedTaskDispatcher with 16 workers.
[PhysX] Initialized MultithreadedTaskDispatcher with 16 workers.
 -> (artifact id: '487d50dedf5ee47cc4a08443c12d808d') in 0.021450 seconds
Number of updated asset objects reloaded before import = 0
Number of asset objects unloaded after import = 9
========================================================================
Received Import Request.
  Time since last request: 0.000017 seconds.
  path: Assets/Blockout/Models/Walls/Wall_Side_Destroyed_025x1x3.fbx
  artifactKey: Guid(a25262c0b09930448869ca8c1986ef5e) Importer(815301076,1909f56bfc062723c751e8b465ee728b)
Start importing Assets/Blockout/Models/Walls/Wall_Side_Destroyed_025x1x3.fbx using Guid(a25262c0b09930448869ca8c1986ef5e) Importer(815301076,1909f56bfc062723c751e8b465ee728b) [PhysX] Initialized MultithreadedTaskDispatcher with 16 workers.
[PhysX] Initialized MultithreadedTaskDispatcher with 16 workers.
[PhysX] Initialized MultithreadedTaskDispatcher with 16 workers.
 -> (artifact id: 'a5492c7a82856a33df2aad21fc426207') in 0.019227 seconds
Number of updated asset objects reloaded before import = 0
Number of asset objects unloaded after import = 9
========================================================================
Received Import Request.
  Time since last request: 0.000034 seconds.
  path: Assets/Blockout/Models/Update_1/Wires_Haging_Large_4.fbx
  artifactKey: Guid(7c4c327a4564c58489de471d9dbb3799) Importer(815301076,1909f56bfc062723c751e8b465ee728b)
Start importing Assets/Blockout/Models/Update_1/Wires_Haging_Large_4.fbx using Guid(7c4c327a4564c58489de471d9dbb3799) Importer(815301076,1909f56bfc062723c751e8b465ee728b) [PhysX] Initialized MultithreadedTaskDispatcher with 16 workers.
[PhysX] Initialized MultithreadedTaskDispatcher with 16 workers.
[PhysX] Initialized MultithreadedTaskDispatcher with 16 workers.
 -> (artifact id: '09c7c020810a82ff797abbf97844973f') in 0.019767 seconds
Number of updated asset objects reloaded before import = 0
Number of asset objects unloaded after import = 11
Editor requested this worker to shutdown with reason: Scaling down because of idle timeout
TcpMessagingSession - receive error
AssetImportWorkerClient::OnTransportError - code=2 error=End of file
AssetImportWorker is now disconnected from the server
Process exiting
Exiting without the bug reporter. Application will terminate with return code 0